C:\DATA\WORKSPACE\VC++\CREATEHEXARRAY\CREATEHEXARRAY\DEBUG\CREATEHEXARRAY.PCH
C:\DATA\WORKSPACE\VC++\CREATEHEXARRAY\CREATEHEXARRAY\DEBUG\STDAFX.OBJ
C:\DATA\WORKSPACE\VC++\CREATEHEXARRAY\CREATEHEXARRAY\DEBUG\VC110.PDB
C:\DATA\WORKSPACE\VC++\CREATEHEXARRAY\CREATEHEXARRAY\DEBUG\CREATEHEXARRAY.OBJ
C:\DATA\WORKSPACE\VC++\CREATEHEXARRAY\DEBUG\CREATEHEXARRAY.ILK
C:\DATA\WORKSPACE\VC++\CREATEHEXARRAY\DEBUG\CREATEHEXARRAY.EXE
C:\DATA\WORKSPACE\VC++\CREATEHEXARRAY\DEBUG\CREATEHEXARRAY.PDB
C:\Users\aravinde\Desktop\createHexArray\createHexArray\Debug\createHexArray.obj
C:\Users\aravinde\Desktop\createHexArray\createHexArray\Debug\stdafx.obj
C:\Users\aravinde\Desktop\createHexArray\createHexArray\Debug\cl.command.1.tlog
C:\Users\aravinde\Desktop\createHexArray\createHexArray\Debug\CL.read.1.tlog
C:\Users\aravinde\Desktop\createHexArray\createHexArray\Debug\CL.write.1.tlog
C:\Users\aravinde\Desktop\createHexArray\createHexArray\Debug\link-cvtres.read.1.tlog
C:\Users\aravinde\Desktop\createHexArray\createHexArray\Debug\link-cvtres.write.1.tlog
C:\Users\aravinde\Desktop\createHexArray\createHexArray\Debug\link-rc.read.1.tlog
C:\Users\aravinde\Desktop\createHexArray\createHexArray\Debug\link-rc.write.1.tlog
C:\Users\aravinde\Desktop\createHexArray\createHexArray\Debug\link.command.1.tlog
C:\Users\aravinde\Desktop\createHexArray\createHexArray\Debug\link.read.1.tlog
C:\Users\aravinde\Desktop\createHexArray\createHexArray\Debug\link.write.1.tlog
C:\Users\aravinde\Desktop\createHexArray\createHexArray\Debug\createHexArray.pch
C:\Users\aravinde\Desktop\createHexArray\createHexArray\Debug\vc110.idb
C:\Users\aravinde\Desktop\createHexArray\createHexArray\Debug\vc110.pdb
C:\Users\aravinde\Desktop\createHexArray\Debug\createHexArray.pdb
C:\Users\aravinde\Desktop\createHexArray\Debug\createHexArray.exe
C:\Users\aravinde\Desktop\createHexArray\Debug\createHexArray.ilk
